  Control.cpp
D:\Documentos\GitHub\ControlSystem\ControlSystem\DataReader\reader.h(11): warning C4005: 'FlagTratamiento': macro redefinition
  D:\Documentos\GitHub\ControlSystem\ControlSystem\DataReader\reader.h(10): note: see previous definition of 'FlagTratamiento'
D:\Documentos\GitHub\ControlSystem\ControlSystem\DataReader\reader.h(12): warning C4005: 'FlagTratamiento': macro redefinition
  D:\Documentos\GitHub\ControlSystem\ControlSystem\DataReader\reader.h(11): note: see previous definition of 'FlagTratamiento'
D:\Documentos\GitHub\ControlSystem\ControlSystem\DataReader\reader.h(13): warning C4005: 'FlagTratamiento': macro redefinition
  D:\Documentos\GitHub\ControlSystem\ControlSystem\DataReader\reader.h(12): note: see previous definition of 'FlagTratamiento'
D:\Documentos\GitHub\ControlSystem\ControlSystem\DataAnalisys\DataAnalisys.h(15): warning C4005: 'FlagTratamiento': macro redefinition
  D:\Documentos\GitHub\ControlSystem\ControlSystem\DataReader\reader.h(13): note: see previous definition of 'FlagTratamiento'
D:\Documentos\GitHub\ControlSystem\ControlSystem\DataAnalisys\DataAnalisys.h(16): warning C4005: 'FlagTratamiento': macro redefinition
  D:\Documentos\GitHub\ControlSystem\ControlSystem\DataAnalisys\DataAnalisys.h(15): note: see previous definition of 'FlagTratamiento'
D:\Documentos\GitHub\ControlSystem\ControlSystem\DataAnalisys\DataAnalisys.h(17): warning C4005: 'FlagTratamiento': macro redefinition
  D:\Documentos\GitHub\ControlSystem\ControlSystem\DataAnalisys\DataAnalisys.h(16): note: see previous definition of 'FlagTratamiento'
D:\Documentos\GitHub\ControlSystem\ControlSystem\DataAnalisys\DataAnalisys.h(18): warning C4005: 'FlagTratamiento': macro redefinition
  D:\Documentos\GitHub\ControlSystem\ControlSystem\DataAnalisys\DataAnalisys.h(17): note: see previous definition of 'FlagTratamiento'
d:\documentos\github\controlsystem\controlsystem\Control.h(15): warning C4005: 'FlagTratamiento': macro redefinition
  D:\Documentos\GitHub\ControlSystem\ControlSystem\DataAnalisys\DataAnalisys.h(18): note: see previous definition of 'FlagTratamiento'
d:\documentos\github\controlsystem\controlsystem\Control.h(16): warning C4005: 'FlagLogOn': macro redefinition
  D:\Documentos\GitHub\ControlSystem\ControlSystem\DataReader\reader.h(18): note: see previous definition of 'FlagLogOn'
  DataAnalisys.cpp
d:\documentos\github\controlsystem\controlsystem\dataanalisys\DataAnalisys.h(16): warning C4005: 'FlagTratamiento': macro redefinition
  d:\documentos\github\controlsystem\controlsystem\dataanalisys\DataAnalisys.h(15): note: see previous definition of 'FlagTratamiento'
d:\documentos\github\controlsystem\controlsystem\dataanalisys\DataAnalisys.h(17): warning C4005: 'FlagTratamiento': macro redefinition
  d:\documentos\github\controlsystem\controlsystem\dataanalisys\DataAnalisys.h(16): note: see previous definition of 'FlagTratamiento'
d:\documentos\github\controlsystem\controlsystem\dataanalisys\DataAnalisys.h(18): warning C4005: 'FlagTratamiento': macro redefinition
  d:\documentos\github\controlsystem\controlsystem\dataanalisys\DataAnalisys.h(17): note: see previous definition of 'FlagTratamiento'
DataAnalisys\DataAnalisys.cpp(74): warning C4244: 'argument': conversion from 'double' to 'int', possible loss of data
DataAnalisys\DataAnalisys.cpp(75): warning C4244: 'argument': conversion from 'double' to 'int', possible loss of data
DataAnalisys\DataAnalisys.cpp(78): warning C4101: 'e': unreferenced local variable
DataAnalisys\DataAnalisys.cpp(106): warning C4244: 'initializing': conversion from 'double' to 'int', possible loss of data
DataAnalisys\DataAnalisys.cpp(242): warning C4244: 'argument': conversion from 'double' to 'int', possible loss of data
  reader.cpp
d:\documentos\github\controlsystem\controlsystem\datareader\reader.h(11): warning C4005: 'FlagTratamiento': macro redefinition
  d:\documentos\github\controlsystem\controlsystem\datareader\reader.h(10): note: see previous definition of 'FlagTratamiento'
d:\documentos\github\controlsystem\controlsystem\datareader\reader.h(12): warning C4005: 'FlagTratamiento': macro redefinition
  d:\documentos\github\controlsystem\controlsystem\datareader\reader.h(11): note: see previous definition of 'FlagTratamiento'
d:\documentos\github\controlsystem\controlsystem\datareader\reader.h(13): warning C4005: 'FlagTratamiento': macro redefinition
  d:\documentos\github\controlsystem\controlsystem\datareader\reader.h(12): note: see previous definition of 'FlagTratamiento'
DataReader\reader.cpp(62): warning C4101: 'CALIBRATE_W': unreferenced local variable
DataReader\reader.cpp(122): warning C4101: 'e': unreferenced local variable
  OpenGl.cpp
OpenGl\OpenGl.cpp(287): warning C4305: 'argument': truncation from 'double' to 'GLfloat'
OpenGl\OpenGl.cpp(290): warning C4305: 'argument': truncation from 'double' to 'GLfloat'
OpenGl\OpenGl.cpp(294): warning C4305: 'argument': truncation from 'double' to 'GLfloat'
  Generating Code...
d:\documentos\github\controlsystem\controlsystem\opengl\opengl.cpp(43): warning C4700: uninitialized local variable 'argv' used
d:\documentos\github\controlsystem\controlsystem\datareader\reader.cpp(298): warning C4715: 'DataReader::getAngle': not all control paths return a value
  ControlSystem.vcxproj -> D:\Documentos\GitHub\ControlSystem\x64\Debug\ControlSystem.exe
